<?xml version="1.0" encoding="UTF-8"?>
<testsuite xmlns:xsi="http://www.w3.org/2001/XMLSchema-instance" xsi:noNamespaceSchemaLocation="https://maven.apache.org/surefire/maven-surefire-plugin/xsd/surefire-test-report-3.0.xsd" version="3.0" name="TestSuite" time="23.365" tests="1" errors="0" skipped="0" failures="0">
  <properties>
[...]
</properties>
  <testcase name="runScenario[&quot;search the product ,add to cart and proceed to checkout&quot;, &quot;complete checkout process&quot;](1)" classname="cucumberOptions.TestNGRunner" time="19.969">
    <system-out><![CDATA[
@checkout
Scenario: search the product ,add to cart and proceed to checkout                         # src/test/java/features/checkOut.feature:3
Before Scenario
  Given User is on the landing page                                                       # stepDefinitions.landingPageStepDefinition.user_is_on_the_landing_page()
Tomato: is exptracted from Landing Page
  And User serach the product with shortname tom and extracted actual name of the product # stepDefinitions.landingPageStepDefinition.user_search_the_product_with_short_name_tom_and_extracted_actual_name_of_the_product(java.lang.String)
  And User select quantity as 3 and add product to cart                                   # stepDefinitions.landingPageStepDefinition.user_select_quantity_as_and_add_product_to_cart(java.lang.String)
Tomato
  Then User check tom products exist on checkout page                                     # stepDefinitions.CheckOutStepDefinition.user_check_products_exist_on_checkout_page(java.lang.String)
  And User apply promotion and place the order                                            # stepDefinitions.CheckOutStepDefinition.user_apply_promotion_and_place_the_order()
After Scenario
]]></system-out>
    <system-err><![CDATA[SLF4J(W): No SLF4J providers were found.
SLF4J(W): Defaulting to no-operation (NOP) logger implementation
SLF4J(W): See https://www.slf4j.org/codes.html#noProviders for further details.
Apr 09, 2025 8:23:15 AM org.openqa.selenium.devtools.CdpVersionFinder findNearestMatch
WARNING: Unable to find an exact match for CDP version 135, returning the closest version; found: 134; Please update to a Selenium version that supports CDP version 135
]]></system-err>
  </testcase>
</testsuite>