<?xml version="1.0" encoding="UTF-8"?>
<!-- Generated by org.testng.reporters.JUnitReportReporter -->
<testsuite hostname="Mahesh" failures="1" tests="3" name="cucumberOptions.TestNGRunner" time="30.971" errors="0" timestamp="2025-04-08T13:41:00 BST" skipped="0">
  <testcase classname="cucumberOptions.TestNGRunner" name="runScenario" time="9.962">
    <failure message="expected [No data] but found [Beetroot]" type="java.lang.AssertionError">
      <![CDATA[java.lang.AssertionError: expected [No data] but found [Beetroot]
at org.testng.Assert.fail(Assert.java:111)
at org.testng.Assert.failNotEquals(Assert.java:1590)
at org.testng.Assert.assertEqualsImpl(Assert.java:150)
at org.testng.Assert.assertEquals(Assert.java:132)
at org.testng.Assert.assertEquals(Assert.java:656)
at org.testng.Assert.assertEquals(Assert.java:666)
at stepDefinitions.offerPageStepDefinition.validate_product_name_on_offers_page_matched_with_landing_page(offerPageStepDefinition.java:48)
at ✽.validate product name on offers page matched with landing page(file:///C:/Users/44743/eclipse-workspace/LearnCucumberAutomation/src/test/java/features/searchProduct.feature:14)
]]>
    </failure>
  </testcase> <!-- runScenario -->
  <testcase classname="cucumberOptions.TestNGRunner" name="runScenario" time="10.724"/>
  <testcase classname="cucumberOptions.TestNGRunner" name="runScenario" time="10.285"/>
</testsuite> <!-- cucumberOptions.TestNGRunner -->
